**********************
Début de la transcription Windows PowerShell
Heure de début : 20260423135644
Nom d'utilisateur : DZENJUNGLE\fullb
Utilisateur runAs :  DZENJUNGLE\fullb
Nom de la configuration : 
Ordinateur : DZENJUNGLE (Microsoft Windows NT 10.0.26200.0)
Application hôte : C:\WINDOWS\System32\WindowsPowerShell\v1.0\powershell.exe -NoProfile -ExecutionPolicy Bypass -Command Import-Module 'c:\Users\fullb\.vscode\extensions\ms-vscode.powershell-2025.4.0\modules\PowerShellEditorServices\PowerShellEditorServices.psd1'; Start-EditorServices -HostName 'Visual Studio Code Host' -HostProfileId 'Microsoft.VSCode' -HostVersion '2025.4.0' -BundledModulesPath 'c:\Users\fullb\.vscode\extensions\ms-vscode.powershell-2025.4.0\modules' -EnableConsoleRepl -StartupBanner "PowerShell Extension v2025.4.0
Copyright (c) Microsoft Corporation.

https://aka.ms/vscode-powershell
Type 'help' to get help.
" -LogLevel 'Warning' -LogPath 'c:\Users\fullb\AppData\Roaming\Code\logs\20260423T130710\window1\exthost\ms-vscode.powershell' -SessionDetailsPath 'c:\Users\fullb\AppData\Roaming\Code\User\globalStorage\ms-vscode.powershell\sessions\PSES-VSCode-16056-283482.json' -FeatureFlags @() 
ID de processus : 2512
PSVersion: 5.1.26100.8115
PSEdition: Desktop
PSCompatibleVersions: 1.0, 2.0, 3.0, 4.0, 5.0, 5.1.26100.8115
BuildVersion: 10.0.26100.8115
CLRVersion: 4.0.30319.42000
WSManStackVersion: 3.0
PSRemotingProtocolVersion: 2.3
SerializationVersion: 1.1.0.1
**********************
Confirmer
L'élément situé à l'emplacement C:\Users\fullb\Cours\Mémoire\projet\MemoireDataAnalytics\generated\reports-no-bug a des enfants et le paramètre Recurse n'a pas été spécifié. Si vous continuez, tous les enfants seront supprimés avec l'élément. Êtes-vous sûr de vouloir continuer ?
&Oui  Oui pour &tout  &Non  Non pour to&ut  &Suspendre
O
Cloning project dd-gamif to C:\Users\fullb\AppData\Local\Temp\GamifiedTestingDataAnalyzer\dd-gamif


Project cloned : C:\Users\fullb\AppData\Local\Temp\GamifiedTestingDataAnalyzer\dd-gamif
Analyzing projets data
mvn : 1:58:07 PM PIT >> WARNING : JUnit 5 is on the classpath but the pitest junit 5 plugin is not installed.
Au caractère Ligne:51 : 13
+             mvn test-compile org.pitest:pitest-maven:mutationCoverage ...
+             ~~~~~~~~~~~~~~~~~~~~~~~~~~~~~~~~~~~~~~~~~~~~~~~~~~~~~~~~~
    + CategoryInfo          : NotSpecified: (1:58:07 PM PIT ... not installed.:String) [], RemoteException
    + FullyQualifiedErrorId : NativeCommandError
mvn : 1:58:07 PM PIT >> WARNING : JUnit 5 is on the classpath but the pitest junit 5 plugin is not installed.
Au caractère Ligne:51 : 13
+             mvn test-compile org.pitest:pitest-maven:mutationCoverage ...
+             ~~~~~~~~~~~~~~~~~~~~~~~~~~~~~~~~~~~~~~~~~~~~~~~~~~~~~~~~~
    + CategoryInfo          : NotSpecified: (1:58:07 PM PIT ... not installed.:String) [], RemoteException
    + FullyQualifiedErrorId : NativeCommandError

1:58:07 PM PIT >> INFO : Verbose logging is disabled. If you encounter a problem, please enable it before reporting an 
issue.
1:58:07 PM PIT >> INFO : Verbose logging is disabled. If you encounter a problem, please enable it before reporting an issue.
1:58:08 PM PIT >> INFO : Created 25 mutation test units in pre scan
1:58:08 PM PIT >> INFO : Created 25 mutation test units in pre scan
1:58:11 PM PIT >> INFO : Sending 65 test classes to minion
1:58:11 PM PIT >> INFO : Sending 65 test classes to minion
1:58:11 PM PIT >> INFO : Sent tests to minion
1:58:11 PM PIT >> INFO : Sent tests to minion
1:58:14 PM PIT >> INFO : Calculated coverage in 5 seconds.
1:58:14 PM PIT >> INFO : Calculated coverage in 5 seconds.
1:58:16 PM PIT >> INFO : Created 21 mutation test units
1:58:16 PM PIT >> INFO : Created 21 mutation test units
1:59:15 PM PIT >> INFO : Completed in 68 seconds
1:59:15 PM PIT >> INFO : Completed in 68 seconds
mvn : 1:58:11 PM PIT >> WARNING : JUnit 5 is on the classpath but the pitest junit 5 plugin is not installed.
Au caractère Ligne:51 : 13
+             mvn test-compile org.pitest:pitest-maven:mutationCoverage ...
+             ~~~~~~~~~~~~~~~~~~~~~~~~~~~~~~~~~~~~~~~~~~~~~~~~~~~~~~~~~
    + CategoryInfo          : NotSpecified: (1:58:11 PM PIT ... not installed.:String) [], RemoteException
    + FullyQualifiedErrorId : NativeCommandError
mvn : 1:58:11 PM PIT >> WARNING : JUnit 5 is on the classpath but the pitest junit 5 plugin is not installed.
Au caractère Ligne:51 : 13
+             mvn test-compile org.pitest:pitest-maven:mutationCoverage ...
+             ~~~~~~~~~~~~~~~~~~~~~~~~~~~~~~~~~~~~~~~~~~~~~~~~~~~~~~~~~
    + CategoryInfo          : NotSpecified: (1:58:11 PM PIT ... not installed.:String) [], RemoteException
    + FullyQualifiedErrorId : NativeCommandError

1:58:11 PM PIT >> INFO : Verbose logging is disabled. If you encounter a problem, please enable it before reporting an 
issue.
1:58:11 PM PIT >> INFO : Verbose logging is disabled. If you encounter a problem, please enable it before reporting an issue.
1:58:12 PM PIT >> INFO : Created 25 mutation test units in pre scan
1:58:12 PM PIT >> INFO : Created 25 mutation test units in pre scan
1:58:14 PM PIT >> INFO : Sending 65 test classes to minion
1:58:14 PM PIT >> INFO : Sending 65 test classes to minion
1:58:14 PM PIT >> INFO : Sent tests to minion
1:58:14 PM PIT >> INFO : Sent tests to minion
1:58:15 PM PIT >> INFO : Calculated coverage in 3 seconds.
1:58:15 PM PIT >> INFO : Calculated coverage in 3 seconds.
1:58:17 PM PIT >> INFO : Created 21 mutation test units
1:58:17 PM PIT >> INFO : Created 21 mutation test units
1:58:20 PM PIT >> INFO : Completed in 9 seconds
1:58:20 PM PIT >> INFO : Completed in 9 seconds
mvn : 1:58:08 PM PIT >> WARNING : JUnit 5 is on the classpath but the pitest junit 5 plugin is not installed.
Au caractère Ligne:51 : 13
+             mvn test-compile org.pitest:pitest-maven:mutationCoverage ...
+             ~~~~~~~~~~~~~~~~~~~~~~~~~~~~~~~~~~~~~~~~~~~~~~~~~~~~~~~~~
    + CategoryInfo          : NotSpecified: (1:58:08 PM PIT ... not installed.:String) [], RemoteException
    + FullyQualifiedErrorId : NativeCommandError
mvn : 1:58:08 PM PIT >> WARNING : JUnit 5 is on the classpath but the pitest junit 5 plugin is not installed.
Au caractère Ligne:51 : 13
+             mvn test-compile org.pitest:pitest-maven:mutationCoverage ...
+             ~~~~~~~~~~~~~~~~~~~~~~~~~~~~~~~~~~~~~~~~~~~~~~~~~~~~~~~~~
    + CategoryInfo          : NotSpecified: (1:58:08 PM PIT ... not installed.:String) [], RemoteException
    + FullyQualifiedErrorId : NativeCommandError

1:58:08 PM PIT >> INFO : Verbose logging is disabled. If you encounter a problem, please enable it before reporting an 
issue.
1:58:08 PM PIT >> INFO : Verbose logging is disabled. If you encounter a problem, please enable it before reporting an issue.
1:58:10 PM PIT >> INFO : Created 25 mutation test units in pre scan
1:58:10 PM PIT >> INFO : Created 25 mutation test units in pre scan
1:58:13 PM PIT >> INFO : Sending 65 test classes to minion
1:58:13 PM PIT >> INFO : Sending 65 test classes to minion
1:58:13 PM PIT >> INFO : Sent tests to minion
1:58:13 PM PIT >> INFO : Sent tests to minion
1:58:14 PM PIT >> INFO : Calculated coverage in 4 seconds.
1:58:14 PM PIT >> INFO : Calculated coverage in 4 seconds.
1:58:16 PM PIT >> INFO : Created 21 mutation test units
1:58:16 PM PIT >> INFO : Created 21 mutation test units
1:58:19 PM PIT >> INFO : Completed in 10 seconds
1:58:19 PM PIT >> INFO : Completed in 10 seconds
mvn : 1:58:06 PM PIT >> WARNING : JUnit 5 is on the classpath but the pitest junit 5 plugin is not installed.
Au caractère Ligne:51 : 13
+             mvn test-compile org.pitest:pitest-maven:mutationCoverage ...
+             ~~~~~~~~~~~~~~~~~~~~~~~~~~~~~~~~~~~~~~~~~~~~~~~~~~~~~~~~~
    + CategoryInfo          : NotSpecified: (1:58:06 PM PIT ... not installed.:String) [], RemoteException
    + FullyQualifiedErrorId : NativeCommandError
mvn : 1:58:06 PM PIT >> WARNING : JUnit 5 is on the classpath but the pitest junit 5 plugin is not installed.
Au caractère Ligne:51 : 13
+             mvn test-compile org.pitest:pitest-maven:mutationCoverage ...
+             ~~~~~~~~~~~~~~~~~~~~~~~~~~~~~~~~~~~~~~~~~~~~~~~~~~~~~~~~~
    + CategoryInfo          : NotSpecified: (1:58:06 PM PIT ... not installed.:String) [], RemoteException
    + FullyQualifiedErrorId : NativeCommandError

1:58:06 PM PIT >> INFO : Verbose logging is disabled. If you encounter a problem, please enable it before reporting an 
issue.
1:58:06 PM PIT >> INFO : Verbose logging is disabled. If you encounter a problem, please enable it before reporting an issue.
1:58:07 PM PIT >> INFO : Created 25 mutation test units in pre scan
1:58:07 PM PIT >> INFO : Created 25 mutation test units in pre scan
1:58:09 PM PIT >> INFO : Sending 65 test classes to minion
1:58:09 PM PIT >> INFO : Sending 65 test classes to minion
1:58:09 PM PIT >> INFO : Sent tests to minion
1:58:09 PM PIT >> INFO : Sent tests to minion
1:58:12 PM PIT >> INFO : Calculated coverage in 4 seconds.
1:58:12 PM PIT >> INFO : Calculated coverage in 4 seconds.
1:58:12 PM PIT >> INFO : Created 21 mutation test units
1:58:12 PM PIT >> INFO : Created 21 mutation test units
1:58:34 PM PIT >> INFO : Completed in 28 seconds
1:58:34 PM PIT >> INFO : Completed in 28 seconds
mvn : 1:58:46 PM PIT >> WARNING : JUnit 5 is on the classpath but the pitest junit 5 plugin is not installed.
Au caractère Ligne:51 : 13
+             mvn test-compile org.pitest:pitest-maven:mutationCoverage ...
+             ~~~~~~~~~~~~~~~~~~~~~~~~~~~~~~~~~~~~~~~~~~~~~~~~~~~~~~~~~
    + CategoryInfo          : NotSpecified: (1:58:46 PM PIT ... not installed.:String) [], RemoteException
    + FullyQualifiedErrorId : NativeCommandError
mvn : 1:58:46 PM PIT >> WARNING : JUnit 5 is on the classpath but the pitest junit 5 plugin is not installed.
Au caractère Ligne:51 : 13
+             mvn test-compile org.pitest:pitest-maven:mutationCoverage ...
+             ~~~~~~~~~~~~~~~~~~~~~~~~~~~~~~~~~~~~~~~~~~~~~~~~~~~~~~~~~
    + CategoryInfo          : NotSpecified: (1:58:46 PM PIT ... not installed.:String) [], RemoteException
    + FullyQualifiedErrorId : NativeCommandError

1:58:46 PM PIT >> INFO : Verbose logging is disabled. If you encounter a problem, please enable it before reporting an 
issue.
1:58:46 PM PIT >> INFO : Verbose logging is disabled. If you encounter a problem, please enable it before reporting an issue.
1:58:47 PM PIT >> INFO : Created 25 mutation test units in pre scan
1:58:47 PM PIT >> INFO : Created 25 mutation test units in pre scan
1:58:48 PM PIT >> INFO : Sending 65 test classes to minion
1:58:48 PM PIT >> INFO : Sending 65 test classes to minion
1:58:48 PM PIT >> INFO : Sent tests to minion
1:58:48 PM PIT >> INFO : Sent tests to minion
1:58:50 PM PIT >> INFO : Calculated coverage in 3 seconds.
1:58:50 PM PIT >> INFO : Calculated coverage in 3 seconds.
1:58:51 PM PIT >> INFO : Created 21 mutation test units
1:58:51 PM PIT >> INFO : Created 21 mutation test units
1:59:15 PM PIT >> INFO : Completed in 28 seconds
1:59:15 PM PIT >> INFO : Completed in 28 seconds
mvn : 1:59:15 PM PIT >> WARNING : JUnit 5 is on the classpath but the pitest junit 5 plugin is not installed.
Au caractère Ligne:51 : 13
+             mvn test-compile org.pitest:pitest-maven:mutationCoverage ...
+             ~~~~~~~~~~~~~~~~~~~~~~~~~~~~~~~~~~~~~~~~~~~~~~~~~~~~~~~~~
    + CategoryInfo          : NotSpecified: (1:59:15 PM PIT ... not installed.:String) [], RemoteException
    + FullyQualifiedErrorId : NativeCommandError
mvn : 1:59:15 PM PIT >> WARNING : JUnit 5 is on the classpath but the pitest junit 5 plugin is not installed.
Au caractère Ligne:51 : 13
+             mvn test-compile org.pitest:pitest-maven:mutationCoverage ...
+             ~~~~~~~~~~~~~~~~~~~~~~~~~~~~~~~~~~~~~~~~~~~~~~~~~~~~~~~~~
    + CategoryInfo          : NotSpecified: (1:59:15 PM PIT ... not installed.:String) [], RemoteException
    + FullyQualifiedErrorId : NativeCommandError

1:59:15 PM PIT >> INFO : Verbose logging is disabled. If you encounter a problem, please enable it before reporting an 
issue.
1:59:15 PM PIT >> INFO : Verbose logging is disabled. If you encounter a problem, please enable it before reporting an issue.
1:59:16 PM PIT >> INFO : Created 25 mutation test units in pre scan
1:59:16 PM PIT >> INFO : Created 25 mutation test units in pre scan
1:59:17 PM PIT >> INFO : Sending 65 test classes to minion
1:59:17 PM PIT >> INFO : Sending 65 test classes to minion
1:59:17 PM PIT >> INFO : Sent tests to minion
1:59:17 PM PIT >> INFO : Sent tests to minion
1:59:18 PM PIT >> INFO : Calculated coverage in 2 seconds.
1:59:18 PM PIT >> INFO : Calculated coverage in 2 seconds.
1:59:19 PM PIT >> INFO : Created 21 mutation test units
1:59:19 PM PIT >> INFO : Created 21 mutation test units
1:59:42 PM PIT >> INFO : Completed in 26 seconds
1:59:42 PM PIT >> INFO : Completed in 26 seconds
mvn : 1:59:27 PM PIT >> WARNING : JUnit 5 is on the classpath but the pitest junit 5 plugin is not installed.
Au caractère Ligne:51 : 13
+             mvn test-compile org.pitest:pitest-maven:mutationCoverage ...
+             ~~~~~~~~~~~~~~~~~~~~~~~~~~~~~~~~~~~~~~~~~~~~~~~~~~~~~~~~~
    + CategoryInfo          : NotSpecified: (1:59:27 PM PIT ... not installed.:String) [], RemoteException
    + FullyQualifiedErrorId : NativeCommandError
mvn : 1:59:27 PM PIT >> WARNING : JUnit 5 is on the classpath but the pitest junit 5 plugin is not installed.
Au caractère Ligne:51 : 13
+             mvn test-compile org.pitest:pitest-maven:mutationCoverage ...
+             ~~~~~~~~~~~~~~~~~~~~~~~~~~~~~~~~~~~~~~~~~~~~~~~~~~~~~~~~~
    + CategoryInfo          : NotSpecified: (1:59:27 PM PIT ... not installed.:String) [], RemoteException
    + FullyQualifiedErrorId : NativeCommandError

1:59:27 PM PIT >> INFO : Verbose logging is disabled. If you encounter a problem, please enable it before reporting an 
issue.
1:59:27 PM PIT >> INFO : Verbose logging is disabled. If you encounter a problem, please enable it before reporting an issue.
1:59:27 PM PIT >> INFO : Created 25 mutation test units in pre scan
1:59:27 PM PIT >> INFO : Created 25 mutation test units in pre scan
1:59:29 PM PIT >> INFO : Sending 65 test classes to minion
1:59:29 PM PIT >> INFO : Sending 65 test classes to minion
1:59:29 PM PIT >> INFO : Sent tests to minion
1:59:29 PM PIT >> INFO : Sent tests to minion
1:59:31 PM PIT >> INFO : Calculated coverage in 3 seconds.
1:59:31 PM PIT >> INFO : Calculated coverage in 3 seconds.
1:59:32 PM PIT >> INFO : Created 21 mutation test units
1:59:32 PM PIT >> INFO : Created 21 mutation test units
1:59:35 PM PIT >> INFO : Completed in 8 seconds
1:59:35 PM PIT >> INFO : Completed in 8 seconds
mvn : 1:59:56 PM PIT >> WARNING : JUnit 5 is on the classpath but the pitest junit 5 plugin is not installed.
Au caractère Ligne:51 : 13
+             mvn test-compile org.pitest:pitest-maven:mutationCoverage ...
+             ~~~~~~~~~~~~~~~~~~~~~~~~~~~~~~~~~~~~~~~~~~~~~~~~~~~~~~~~~
    + CategoryInfo          : NotSpecified: (1:59:56 PM PIT ... not installed.:String) [], RemoteException
    + FullyQualifiedErrorId : NativeCommandError
mvn : 1:59:56 PM PIT >> WARNING : JUnit 5 is on the classpath but the pitest junit 5 plugin is not installed.
Au caractère Ligne:51 : 13
+             mvn test-compile org.pitest:pitest-maven:mutationCoverage ...
+             ~~~~~~~~~~~~~~~~~~~~~~~~~~~~~~~~~~~~~~~~~~~~~~~~~~~~~~~~~
    + CategoryInfo          : NotSpecified: (1:59:56 PM PIT ... not installed.:String) [], RemoteException
    + FullyQualifiedErrorId : NativeCommandError

1:59:56 PM PIT >> INFO : Verbose logging is disabled. If you encounter a problem, please enable it before reporting an 
issue.
1:59:56 PM PIT >> INFO : Verbose logging is disabled. If you encounter a problem, please enable it before reporting an issue.
1:59:57 PM PIT >> INFO : Created 25 mutation test units in pre scan
1:59:57 PM PIT >> INFO : Created 25 mutation test units in pre scan
1:59:58 PM PIT >> INFO : Sending 65 test classes to minion
1:59:58 PM PIT >> INFO : Sending 65 test classes to minion
1:59:58 PM PIT >> INFO : Sent tests to minion
1:59:58 PM PIT >> INFO : Sent tests to minion
2:00:00 PM PIT >> INFO : Calculated coverage in 3 seconds.
2:00:00 PM PIT >> INFO : Calculated coverage in 3 seconds.
2:00:00 PM PIT >> INFO : Created 21 mutation test units
2:00:00 PM PIT >> INFO : Created 21 mutation test units
2:00:21 PM PIT >> INFO : Completed in 25 seconds
2:00:21 PM PIT >> INFO : Completed in 25 seconds
mvn : 2:00:05 PM PIT >> WARNING : JUnit 5 is on the classpath but the pitest junit 5 plugin is not installed.
Au caractère Ligne:51 : 13
+             mvn test-compile org.pitest:pitest-maven:mutationCoverage ...
+             ~~~~~~~~~~~~~~~~~~~~~~~~~~~~~~~~~~~~~~~~~~~~~~~~~~~~~~~~~
    + CategoryInfo          : NotSpecified: (2:00:05 PM PIT ... not installed.:String) [], RemoteException
    + FullyQualifiedErrorId : NativeCommandError
mvn : 2:00:05 PM PIT >> WARNING : JUnit 5 is on the classpath but the pitest junit 5 plugin is not installed.
Au caractère Ligne:51 : 13
+             mvn test-compile org.pitest:pitest-maven:mutationCoverage ...
+             ~~~~~~~~~~~~~~~~~~~~~~~~~~~~~~~~~~~~~~~~~~~~~~~~~~~~~~~~~
    + CategoryInfo          : NotSpecified: (2:00:05 PM PIT ... not installed.:String) [], RemoteException
    + FullyQualifiedErrorId : NativeCommandError

2:00:05 PM PIT >> INFO : Verbose logging is disabled. If you encounter a problem, please enable it before reporting an 
issue.
2:00:05 PM PIT >> INFO : Verbose logging is disabled. If you encounter a problem, please enable it before reporting an issue.
2:00:05 PM PIT >> INFO : Created 25 mutation test units in pre scan
2:00:05 PM PIT >> INFO : Created 25 mutation test units in pre scan
2:00:06 PM PIT >> INFO : Sending 65 test classes to minion
2:00:06 PM PIT >> INFO : Sending 65 test classes to minion
2:00:06 PM PIT >> INFO : Sent tests to minion
2:00:06 PM PIT >> INFO : Sent tests to minion
2:00:08 PM PIT >> INFO : Calculated coverage in 2 seconds.
2:00:08 PM PIT >> INFO : Calculated coverage in 2 seconds.
2:00:08 PM PIT >> INFO : Created 21 mutation test units
2:00:08 PM PIT >> INFO : Created 21 mutation test units
2:00:10 PM PIT >> INFO : Completed in 5 seconds
2:00:10 PM PIT >> INFO : Completed in 5 seconds
mvn : 2:00:05 PM PIT >> WARNING : JUnit 5 is on the classpath but the pitest junit 5 plugin is not installed.
Au caractère Ligne:51 : 13
+             mvn test-compile org.pitest:pitest-maven:mutationCoverage ...
+             ~~~~~~~~~~~~~~~~~~~~~~~~~~~~~~~~~~~~~~~~~~~~~~~~~~~~~~~~~
    + CategoryInfo          : NotSpecified: (2:00:05 PM PIT ... not installed.:String) [], RemoteException
    + FullyQualifiedErrorId : NativeCommandError
mvn : 2:00:05 PM PIT >> WARNING : JUnit 5 is on the classpath but the pitest junit 5 plugin is not installed.
Au caractère Ligne:51 : 13
+             mvn test-compile org.pitest:pitest-maven:mutationCoverage ...
+             ~~~~~~~~~~~~~~~~~~~~~~~~~~~~~~~~~~~~~~~~~~~~~~~~~~~~~~~~~
    + CategoryInfo          : NotSpecified: (2:00:05 PM PIT ... not installed.:String) [], RemoteException
    + FullyQualifiedErrorId : NativeCommandError

2:00:05 PM PIT >> INFO : Verbose logging is disabled. If you encounter a problem, please enable it before reporting an 
issue.
2:00:05 PM PIT >> INFO : Verbose logging is disabled. If you encounter a problem, please enable it before reporting an issue.
2:00:05 PM PIT >> INFO : Created 25 mutation test units in pre scan
2:00:05 PM PIT >> INFO : Created 25 mutation test units in pre scan
2:00:06 PM PIT >> INFO : Sending 65 test classes to minion
2:00:06 PM PIT >> INFO : Sending 65 test classes to minion
2:00:06 PM PIT >> INFO : Sent tests to minion
2:00:06 PM PIT >> INFO : Sent tests to minion
2:00:08 PM PIT >> INFO : Calculated coverage in 2 seconds.
2:00:08 PM PIT >> INFO : Calculated coverage in 2 seconds.
2:00:08 PM PIT >> INFO : Created 21 mutation test units
2:00:08 PM PIT >> INFO : Created 21 mutation test units
2:00:16 PM PIT >> INFO : Completed in 11 seconds
2:00:16 PM PIT >> INFO : Completed in 11 seconds
mvn : 2:00:16 PM PIT >> WARNING : JUnit 5 is on the classpath but the pitest junit 5 plugin is not installed.
Au caractère Ligne:51 : 13
+             mvn test-compile org.pitest:pitest-maven:mutationCoverage ...
+             ~~~~~~~~~~~~~~~~~~~~~~~~~~~~~~~~~~~~~~~~~~~~~~~~~~~~~~~~~
    + CategoryInfo          : NotSpecified: (2:00:16 PM PIT ... not installed.:String) [], RemoteException
    + FullyQualifiedErrorId : NativeCommandError
mvn : 2:00:16 PM PIT >> WARNING : JUnit 5 is on the classpath but the pitest junit 5 plugin is not installed.
Au caractère Ligne:51 : 13
+             mvn test-compile org.pitest:pitest-maven:mutationCoverage ...
+             ~~~~~~~~~~~~~~~~~~~~~~~~~~~~~~~~~~~~~~~~~~~~~~~~~~~~~~~~~
    + CategoryInfo          : NotSpecified: (2:00:16 PM PIT ... not installed.:String) [], RemoteException
    + FullyQualifiedErrorId : NativeCommandError

2:00:16 PM PIT >> INFO : Verbose logging is disabled. If you encounter a problem, please enable it before reporting an 
issue.
2:00:16 PM PIT >> INFO : Verbose logging is disabled. If you encounter a problem, please enable it before reporting an issue.
2:00:17 PM PIT >> INFO : Created 25 mutation test units in pre scan
2:00:17 PM PIT >> INFO : Created 25 mutation test units in pre scan
2:00:17 PM PIT >> INFO : Sending 65 test classes to minion
2:00:17 PM PIT >> INFO : Sending 65 test classes to minion
2:00:17 PM PIT >> INFO : Sent tests to minion
2:00:17 PM PIT >> INFO : Sent tests to minion
2:00:18 PM PIT >> INFO : Calculated coverage in 1 seconds.
2:00:18 PM PIT >> INFO : Calculated coverage in 1 seconds.
2:00:19 PM PIT >> INFO : Created 21 mutation test units
2:00:19 PM PIT >> INFO : Created 21 mutation test units
2:00:25 PM PIT >> INFO : Completed in 8 seconds
2:00:25 PM PIT >> INFO : Completed in 8 seconds

Reports generated in 00:03:44.4425029
**********************
Fin de la transcription Windows PowerShell
Heure de fin : 20260423140045
**********************
**********************
Début de la transcription Windows PowerShell
Heure de début : 20260423141010
Nom d'utilisateur : DZENJUNGLE\fullb
Utilisateur runAs :  DZENJUNGLE\fullb
Nom de la configuration : 
Ordinateur : DZENJUNGLE (Microsoft Windows NT 10.0.26200.0)
Application hôte : C:\WINDOWS\System32\WindowsPowerShell\v1.0\powershell.exe -NoProfile -ExecutionPolicy Bypass -Command Import-Module 'c:\Users\fullb\.vscode\extensions\ms-vscode.powershell-2025.4.0\modules\PowerShellEditorServices\PowerShellEditorServices.psd1'; Start-EditorServices -HostName 'Visual Studio Code Host' -HostProfileId 'Microsoft.VSCode' -HostVersion '2025.4.0' -BundledModulesPath 'c:\Users\fullb\.vscode\extensions\ms-vscode.powershell-2025.4.0\modules' -EnableConsoleRepl -StartupBanner "PowerShell Extension v2025.4.0
Copyright (c) Microsoft Corporation.

https://aka.ms/vscode-powershell
Type 'help' to get help.
" -LogLevel 'Warning' -LogPath 'c:\Users\fullb\AppData\Roaming\Code\logs\20260423T130710\window1\exthost\ms-vscode.powershell' -SessionDetailsPath 'c:\Users\fullb\AppData\Roaming\Code\User\globalStorage\ms-vscode.powershell\sessions\PSES-VSCode-16056-283482.json' -FeatureFlags @() 
ID de processus : 2512
PSVersion: 5.1.26100.8115
PSEdition: Desktop
PSCompatibleVersions: 1.0, 2.0, 3.0, 4.0, 5.0, 5.1.26100.8115
BuildVersion: 10.0.26100.8115
CLRVersion: 4.0.30319.42000
WSManStackVersion: 3.0
PSRemotingProtocolVersion: 2.3
SerializationVersion: 1.1.0.1
**********************
Confirmer
L'élément situé à l'emplacement C:\Users\fullb\Cours\Mémoire\projet\MemoireDataAnalytics\generated\reports-no-bug a des enfants et le paramètre Recurse n'a pas été spécifié. Si vous continuez, tous les enfants seront supprimés avec l'élément. Êtes-vous sûr de vouloir continuer ?
&Oui  Oui pour &tout  &Non  Non pour to&ut  &Suspendre
O
Cloning project dd-gamif to C:\Users\fullb\AppData\Local\Temp\GamifiedTestingDataAnalyzer\dd-gamif


Project cloned : C:\Users\fullb\AppData\Local\Temp\GamifiedTestingDataAnalyzer\dd-gamif
Analyzing projets data
mvn : 2:11:09 PM PIT >> WARNING : JUnit 5 is on the classpath but the pitest junit 5 plugin is not installed.
Au caractère Ligne:51 : 13
+             mvn test-compile org.pitest:pitest-maven:mutationCoverage ...
+             ~~~~~~~~~~~~~~~~~~~~~~~~~~~~~~~~~~~~~~~~~~~~~~~~~~~~~~~~~
    + CategoryInfo          : NotSpecified: (2:11:09 PM PIT ... not installed.:String) [], RemoteException
    + FullyQualifiedErrorId : NativeCommandError
mvn : 2:11:09 PM PIT >> WARNING : JUnit 5 is on the classpath but the pitest junit 5 plugin is not installed.
Au caractère Ligne:51 : 13
+             mvn test-compile org.pitest:pitest-maven:mutationCoverage ...
+             ~~~~~~~~~~~~~~~~~~~~~~~~~~~~~~~~~~~~~~~~~~~~~~~~~~~~~~~~~
    + CategoryInfo          : NotSpecified: (2:11:09 PM PIT ... not installed.:String) [], RemoteException
    + FullyQualifiedErrorId : NativeCommandError

2:11:09 PM PIT >> INFO : Verbose logging is disabled. If you encounter a problem, please enable it before reporting an 
issue.
2:11:09 PM PIT >> INFO : Verbose logging is disabled. If you encounter a problem, please enable it before reporting an issue.
2:11:10 PM PIT >> INFO : Created 25 mutation test units in pre scan
2:11:10 PM PIT >> INFO : Created 25 mutation test units in pre scan
2:11:12 PM PIT >> INFO : Sending 65 test classes to minion
2:11:12 PM PIT >> INFO : Sending 65 test classes to minion
2:11:12 PM PIT >> INFO : Sent tests to minion
2:11:12 PM PIT >> INFO : Sent tests to minion
2:11:16 PM PIT >> INFO : Calculated coverage in 5 seconds.
2:11:16 PM PIT >> INFO : Calculated coverage in 5 seconds.
2:11:16 PM PIT >> INFO : Created 21 mutation test units
2:11:16 PM PIT >> INFO : Created 21 mutation test units
2:12:45 PM PIT >> INFO : Completed in 95 seconds
2:12:45 PM PIT >> INFO : Completed in 95 seconds
mvn : 2:11:11 PM PIT >> WARNING : JUnit 5 is on the classpath but the pitest junit 5 plugin is not installed.
Au caractère Ligne:51 : 13
+             mvn test-compile org.pitest:pitest-maven:mutationCoverage ...
+             ~~~~~~~~~~~~~~~~~~~~~~~~~~~~~~~~~~~~~~~~~~~~~~~~~~~~~~~~~
    + CategoryInfo          : NotSpecified: (2:11:11 PM PIT ... not installed.:String) [], RemoteException
    + FullyQualifiedErrorId : NativeCommandError
mvn : 2:11:11 PM PIT >> WARNING : JUnit 5 is on the classpath but the pitest junit 5 plugin is not installed.
Au caractère Ligne:51 : 13
+             mvn test-compile org.pitest:pitest-maven:mutationCoverage ...
+             ~~~~~~~~~~~~~~~~~~~~~~~~~~~~~~~~~~~~~~~~~~~~~~~~~~~~~~~~~
    + CategoryInfo          : NotSpecified: (2:11:11 PM PIT ... not installed.:String) [], RemoteException
    + FullyQualifiedErrorId : NativeCommandError

2:11:11 PM PIT >> INFO : Verbose logging is disabled. If you encounter a problem, please enable it before reporting an 
issue.
2:11:11 PM PIT >> INFO : Verbose logging is disabled. If you encounter a problem, please enable it before reporting an issue.
2:11:12 PM PIT >> INFO : Created 25 mutation test units in pre scan
2:11:12 PM PIT >> INFO : Created 25 mutation test units in pre scan
2:11:14 PM PIT >> INFO : Sending 65 test classes to minion
2:11:14 PM PIT >> INFO : Sending 65 test classes to minion
2:11:14 PM PIT >> INFO : Sent tests to minion
2:11:14 PM PIT >> INFO : Sent tests to minion
2:11:16 PM PIT >> INFO : Calculated coverage in 3 seconds.
2:11:16 PM PIT >> INFO : Calculated coverage in 3 seconds.
2:11:16 PM PIT >> INFO : Created 21 mutation test units
2:11:16 PM PIT >> INFO : Created 21 mutation test units
2:11:19 PM PIT >> INFO : Completed in 7 seconds
2:11:19 PM PIT >> INFO : Completed in 7 seconds
mvn : 2:11:15 PM PIT >> WARNING : JUnit 5 is on the classpath but the pitest junit 5 plugin is not installed.
Au caractère Ligne:51 : 13
+             mvn test-compile org.pitest:pitest-maven:mutationCoverage ...
+             ~~~~~~~~~~~~~~~~~~~~~~~~~~~~~~~~~~~~~~~~~~~~~~~~~~~~~~~~~
    + CategoryInfo          : NotSpecified: (2:11:15 PM PIT ... not installed.:String) [], RemoteException
    + FullyQualifiedErrorId : NativeCommandError
mvn : 2:11:15 PM PIT >> WARNING : JUnit 5 is on the classpath but the pitest junit 5 plugin is not installed.
Au caractère Ligne:51 : 13
+             mvn test-compile org.pitest:pitest-maven:mutationCoverage ...
+             ~~~~~~~~~~~~~~~~~~~~~~~~~~~~~~~~~~~~~~~~~~~~~~~~~~~~~~~~~
    + CategoryInfo          : NotSpecified: (2:11:15 PM PIT ... not installed.:String) [], RemoteException
    + FullyQualifiedErrorId : NativeCommandError

2:11:15 PM PIT >> INFO : Verbose logging is disabled. If you encounter a problem, please enable it before reporting an 
issue.
2:11:15 PM PIT >> INFO : Verbose logging is disabled. If you encounter a problem, please enable it before reporting an issue.
2:11:16 PM PIT >> INFO : Created 25 mutation test units in pre scan
2:11:16 PM PIT >> INFO : Created 25 mutation test units in pre scan
2:11:20 PM PIT >> INFO : Sending 65 test classes to minion
2:11:20 PM PIT >> INFO : Sending 65 test classes to minion
2:11:20 PM PIT >> INFO : Sent tests to minion
2:11:20 PM PIT >> INFO : Sent tests to minion
2:11:21 PM PIT >> INFO : Calculated coverage in 5 seconds.
2:11:21 PM PIT >> INFO : Calculated coverage in 5 seconds.
2:11:22 PM PIT >> INFO : Created 21 mutation test units
2:11:22 PM PIT >> INFO : Created 21 mutation test units
2:11:25 PM PIT >> INFO : Completed in 10 seconds
2:11:25 PM PIT >> INFO : Completed in 10 seconds
mvn : 2:11:11 PM PIT >> WARNING : JUnit 5 is on the classpath but the pitest junit 5 plugin is not installed.
Au caractère Ligne:51 : 13
+             mvn test-compile org.pitest:pitest-maven:mutationCoverage ...
+             ~~~~~~~~~~~~~~~~~~~~~~~~~~~~~~~~~~~~~~~~~~~~~~~~~~~~~~~~~
    + CategoryInfo          : NotSpecified: (2:11:11 PM PIT ... not installed.:String) [], RemoteException
    + FullyQualifiedErrorId : NativeCommandError
mvn : 2:11:11 PM PIT >> WARNING : JUnit 5 is on the classpath but the pitest junit 5 plugin is not installed.
Au caractère Ligne:51 : 13
+             mvn test-compile org.pitest:pitest-maven:mutationCoverage ...
+             ~~~~~~~~~~~~~~~~~~~~~~~~~~~~~~~~~~~~~~~~~~~~~~~~~~~~~~~~~
    + CategoryInfo          : NotSpecified: (2:11:11 PM PIT ... not installed.:String) [], RemoteException
    + FullyQualifiedErrorId : NativeCommandError

2:11:11 PM PIT >> INFO : Verbose logging is disabled. If you encounter a problem, please enable it before reporting an 
issue.
2:11:11 PM PIT >> INFO : Verbose logging is disabled. If you encounter a problem, please enable it before reporting an issue.
2:11:12 PM PIT >> INFO : Created 25 mutation test units in pre scan
2:11:12 PM PIT >> INFO : Created 25 mutation test units in pre scan
2:11:15 PM PIT >> INFO : Sending 65 test classes to minion
2:11:15 PM PIT >> INFO : Sending 65 test classes to minion
2:11:15 PM PIT >> INFO : Sent tests to minion
2:11:15 PM PIT >> INFO : Sent tests to minion
2:11:16 PM PIT >> INFO : Calculated coverage in 3 seconds.
2:11:16 PM PIT >> INFO : Calculated coverage in 3 seconds.
2:11:17 PM PIT >> INFO : Created 21 mutation test units
2:11:17 PM PIT >> INFO : Created 21 mutation test units
2:11:43 PM PIT >> INFO : Completed in 31 seconds
2:11:43 PM PIT >> INFO : Completed in 31 seconds
mvn : 2:11:41 PM PIT >> WARNING : JUnit 5 is on the classpath but the pitest junit 5 plugin is not installed.
Au caractère Ligne:51 : 13
+             mvn test-compile org.pitest:pitest-maven:mutationCoverage ...
+             ~~~~~~~~~~~~~~~~~~~~~~~~~~~~~~~~~~~~~~~~~~~~~~~~~~~~~~~~~
    + CategoryInfo          : NotSpecified: (2:11:41 PM PIT ... not installed.:String) [], RemoteException
    + FullyQualifiedErrorId : NativeCommandError
mvn : 2:11:41 PM PIT >> WARNING : JUnit 5 is on the classpath but the pitest junit 5 plugin is not installed.
Au caractère Ligne:51 : 13
+             mvn test-compile org.pitest:pitest-maven:mutationCoverage ...
+             ~~~~~~~~~~~~~~~~~~~~~~~~~~~~~~~~~~~~~~~~~~~~~~~~~~~~~~~~~
    + CategoryInfo          : NotSpecified: (2:11:41 PM PIT ... not installed.:String) [], RemoteException
    + FullyQualifiedErrorId : NativeCommandError

2:11:41 PM PIT >> INFO : Verbose logging is disabled. If you encounter a problem, please enable it before reporting an 
issue.
2:11:41 PM PIT >> INFO : Verbose logging is disabled. If you encounter a problem, please enable it before reporting an issue.
2:11:42 PM PIT >> INFO : Created 25 mutation test units in pre scan
2:11:42 PM PIT >> INFO : Created 25 mutation test units in pre scan
2:11:43 PM PIT >> INFO : Sending 65 test classes to minion
2:11:43 PM PIT >> INFO : Sending 65 test classes to minion
2:11:43 PM PIT >> INFO : Sent tests to minion
2:11:43 PM PIT >> INFO : Sent tests to minion
2:11:45 PM PIT >> INFO : Calculated coverage in 3 seconds.
2:11:45 PM PIT >> INFO : Calculated coverage in 3 seconds.
2:11:46 PM PIT >> INFO : Created 21 mutation test units
2:11:46 PM PIT >> INFO : Created 21 mutation test units
2:12:17 PM PIT >> INFO : Completed in 35 seconds
2:12:17 PM PIT >> INFO : Completed in 35 seconds
mvn : 2:12:09 PM PIT >> WARNING : JUnit 5 is on the classpath but the pitest junit 5 plugin is not installed.
Au caractère Ligne:51 : 13
+             mvn test-compile org.pitest:pitest-maven:mutationCoverage ...
+             ~~~~~~~~~~~~~~~~~~~~~~~~~~~~~~~~~~~~~~~~~~~~~~~~~~~~~~~~~
    + CategoryInfo          : NotSpecified: (2:12:09 PM PIT ... not installed.:String) [], RemoteException
    + FullyQualifiedErrorId : NativeCommandError
mvn : 2:12:09 PM PIT >> WARNING : JUnit 5 is on the classpath but the pitest junit 5 plugin is not installed.
Au caractère Ligne:51 : 13
+             mvn test-compile org.pitest:pitest-maven:mutationCoverage ...
+             ~~~~~~~~~~~~~~~~~~~~~~~~~~~~~~~~~~~~~~~~~~~~~~~~~~~~~~~~~
    + CategoryInfo          : NotSpecified: (2:12:09 PM PIT ... not installed.:String) [], RemoteException
    + FullyQualifiedErrorId : NativeCommandError

2:12:09 PM PIT >> INFO : Verbose logging is disabled. If you encounter a problem, please enable it before reporting an 
issue.
2:12:09 PM PIT >> INFO : Verbose logging is disabled. If you encounter a problem, please enable it before reporting an issue.
2:12:10 PM PIT >> INFO : Created 25 mutation test units in pre scan
2:12:10 PM PIT >> INFO : Created 25 mutation test units in pre scan
2:12:11 PM PIT >> INFO : Sending 65 test classes to minion
2:12:11 PM PIT >> INFO : Sending 65 test classes to minion
2:12:12 PM PIT >> INFO : Sent tests to minion
2:12:12 PM PIT >> INFO : Sent tests to minion
2:12:13 PM PIT >> INFO : Calculated coverage in 3 seconds.
2:12:13 PM PIT >> INFO : Calculated coverage in 3 seconds.
2:12:14 PM PIT >> INFO : Created 21 mutation test units
2:12:14 PM PIT >> INFO : Created 21 mutation test units
2:12:40 PM PIT >> INFO : Completed in 31 seconds
2:12:40 PM PIT >> INFO : Completed in 31 seconds
mvn : 2:12:30 PM PIT >> WARNING : JUnit 5 is on the classpath but the pitest junit 5 plugin is not installed.
Au caractère Ligne:51 : 13
+             mvn test-compile org.pitest:pitest-maven:mutationCoverage ...
+             ~~~~~~~~~~~~~~~~~~~~~~~~~~~~~~~~~~~~~~~~~~~~~~~~~~~~~~~~~
    + CategoryInfo          : NotSpecified: (2:12:30 PM PIT ... not installed.:String) [], RemoteException
    + FullyQualifiedErrorId : NativeCommandError
mvn : 2:12:30 PM PIT >> WARNING : JUnit 5 is on the classpath but the pitest junit 5 plugin is not installed.
Au caractère Ligne:51 : 13
+             mvn test-compile org.pitest:pitest-maven:mutationCoverage ...
+             ~~~~~~~~~~~~~~~~~~~~~~~~~~~~~~~~~~~~~~~~~~~~~~~~~~~~~~~~~
    + CategoryInfo          : NotSpecified: (2:12:30 PM PIT ... not installed.:String) [], RemoteException
    + FullyQualifiedErrorId : NativeCommandError

2:12:30 PM PIT >> INFO : Verbose logging is disabled. If you encounter a problem, please enable it before reporting an 
issue.
2:12:30 PM PIT >> INFO : Verbose logging is disabled. If you encounter a problem, please enable it before reporting an issue.
2:12:30 PM PIT >> INFO : Created 25 mutation test units in pre scan
2:12:30 PM PIT >> INFO : Created 25 mutation test units in pre scan
2:12:32 PM PIT >> INFO : Sending 65 test classes to minion
2:12:32 PM PIT >> INFO : Sending 65 test classes to minion
2:12:32 PM PIT >> INFO : Sent tests to minion
2:12:32 PM PIT >> INFO : Sent tests to minion
2:12:34 PM PIT >> INFO : Calculated coverage in 3 seconds.
2:12:34 PM PIT >> INFO : Calculated coverage in 3 seconds.
2:12:35 PM PIT >> INFO : Created 21 mutation test units
2:12:35 PM PIT >> INFO : Created 21 mutation test units
2:12:36 PM PIT >> INFO : Completed in 6 seconds
2:12:36 PM PIT >> INFO : Completed in 6 seconds
mvn : 2:12:45 PM PIT >> WARNING : JUnit 5 is on the classpath but the pitest junit 5 plugin is not installed.
Au caractère Ligne:51 : 13
+             mvn test-compile org.pitest:pitest-maven:mutationCoverage ...
+             ~~~~~~~~~~~~~~~~~~~~~~~~~~~~~~~~~~~~~~~~~~~~~~~~~~~~~~~~~
    + CategoryInfo          : NotSpecified: (2:12:45 PM PIT ... not installed.:String) [], RemoteException
    + FullyQualifiedErrorId : NativeCommandError
mvn : 2:12:45 PM PIT >> WARNING : JUnit 5 is on the classpath but the pitest junit 5 plugin is not installed.
Au caractère Ligne:51 : 13
+             mvn test-compile org.pitest:pitest-maven:mutationCoverage ...
+             ~~~~~~~~~~~~~~~~~~~~~~~~~~~~~~~~~~~~~~~~~~~~~~~~~~~~~~~~~
    + CategoryInfo          : NotSpecified: (2:12:45 PM PIT ... not installed.:String) [], RemoteException
    + FullyQualifiedErrorId : NativeCommandError

2:12:45 PM PIT >> INFO : Verbose logging is disabled. If you encounter a problem, please enable it before reporting an 
issue.
2:12:45 PM PIT >> INFO : Verbose logging is disabled. If you encounter a problem, please enable it before reporting an issue.
2:12:46 PM PIT >> INFO : Created 25 mutation test units in pre scan
2:12:46 PM PIT >> INFO : Created 25 mutation test units in pre scan
2:12:47 PM PIT >> INFO : Sending 65 test classes to minion
2:12:47 PM PIT >> INFO : Sending 65 test classes to minion
2:12:47 PM PIT >> INFO : Sent tests to minion
2:12:47 PM PIT >> INFO : Sent tests to minion
2:12:49 PM PIT >> INFO : Calculated coverage in 3 seconds.
2:12:49 PM PIT >> INFO : Calculated coverage in 3 seconds.
2:12:49 PM PIT >> INFO : Created 21 mutation test units
2:12:49 PM PIT >> INFO : Created 21 mutation test units
2:13:16 PM PIT >> INFO : Completed in 30 seconds
2:13:16 PM PIT >> INFO : Completed in 30 seconds
mvn : 2:13:01 PM PIT >> WARNING : JUnit 5 is on the classpath but the pitest junit 5 plugin is not installed.
Au caractère Ligne:51 : 13
+             mvn test-compile org.pitest:pitest-maven:mutationCoverage ...
+             ~~~~~~~~~~~~~~~~~~~~~~~~~~~~~~~~~~~~~~~~~~~~~~~~~~~~~~~~~
    + CategoryInfo          : NotSpecified: (2:13:01 PM PIT ... not installed.:String) [], RemoteException
    + FullyQualifiedErrorId : NativeCommandError
mvn : 2:13:01 PM PIT >> WARNING : JUnit 5 is on the classpath but the pitest junit 5 plugin is not installed.
Au caractère Ligne:51 : 13
+             mvn test-compile org.pitest:pitest-maven:mutationCoverage ...
+             ~~~~~~~~~~~~~~~~~~~~~~~~~~~~~~~~~~~~~~~~~~~~~~~~~~~~~~~~~
    + CategoryInfo          : NotSpecified: (2:13:01 PM PIT ... not installed.:String) [], RemoteException
    + FullyQualifiedErrorId : NativeCommandError

2:13:01 PM PIT >> INFO : Verbose logging is disabled. If you encounter a problem, please enable it before reporting an 
issue.
2:13:01 PM PIT >> INFO : Verbose logging is disabled. If you encounter a problem, please enable it before reporting an issue.
2:13:01 PM PIT >> INFO : Created 25 mutation test units in pre scan
2:13:01 PM PIT >> INFO : Created 25 mutation test units in pre scan
2:13:03 PM PIT >> INFO : Sending 65 test classes to minion
2:13:03 PM PIT >> INFO : Sending 65 test classes to minion
2:13:03 PM PIT >> INFO : Sent tests to minion
2:13:03 PM PIT >> INFO : Sent tests to minion
2:13:05 PM PIT >> INFO : Calculated coverage in 3 seconds.
2:13:05 PM PIT >> INFO : Calculated coverage in 3 seconds.
2:13:06 PM PIT >> INFO : Created 21 mutation test units
2:13:06 PM PIT >> INFO : Created 21 mutation test units
2:13:07 PM PIT >> INFO : Completed in 6 seconds
2:13:07 PM PIT >> INFO : Completed in 6 seconds
mvn : 2:13:18 PM PIT >> WARNING : JUnit 5 is on the classpath but the pitest junit 5 plugin is not installed.
Au caractère Ligne:51 : 13
+             mvn test-compile org.pitest:pitest-maven:mutationCoverage ...
+             ~~~~~~~~~~~~~~~~~~~~~~~~~~~~~~~~~~~~~~~~~~~~~~~~~~~~~~~~~
    + CategoryInfo          : NotSpecified: (2:13:18 PM PIT ... not installed.:String) [], RemoteException
    + FullyQualifiedErrorId : NativeCommandError
mvn : 2:13:18 PM PIT >> WARNING : JUnit 5 is on the classpath but the pitest junit 5 plugin is not installed.
Au caractère Ligne:51 : 13
+             mvn test-compile org.pitest:pitest-maven:mutationCoverage ...
+             ~~~~~~~~~~~~~~~~~~~~~~~~~~~~~~~~~~~~~~~~~~~~~~~~~~~~~~~~~
    + CategoryInfo          : NotSpecified: (2:13:18 PM PIT ... not installed.:String) [], RemoteException
    + FullyQualifiedErrorId : NativeCommandError

2:13:18 PM PIT >> INFO : Verbose logging is disabled. If you encounter a problem, please enable it before reporting an 
issue.
2:13:18 PM PIT >> INFO : Verbose logging is disabled. If you encounter a problem, please enable it before reporting an issue.
2:13:18 PM PIT >> INFO : Created 25 mutation test units in pre scan
2:13:18 PM PIT >> INFO : Created 25 mutation test units in pre scan
2:13:19 PM PIT >> INFO : Sending 65 test classes to minion
2:13:19 PM PIT >> INFO : Sending 65 test classes to minion
2:13:19 PM PIT >> INFO : Sent tests to minion
2:13:19 PM PIT >> INFO : Sent tests to minion
2:13:20 PM PIT >> INFO : Calculated coverage in 1 seconds.
2:13:20 PM PIT >> INFO : Calculated coverage in 1 seconds.
2:13:20 PM PIT >> INFO : Created 21 mutation test units
2:13:20 PM PIT >> INFO : Created 21 mutation test units
2:13:26 PM PIT >> INFO : Completed in 7 seconds
2:13:26 PM PIT >> INFO : Completed in 7 seconds
mvn : 2:13:18 PM PIT >> WARNING : JUnit 5 is on the classpath but the pitest junit 5 plugin is not installed.
Au caractère Ligne:51 : 13
+             mvn test-compile org.pitest:pitest-maven:mutationCoverage ...
+             ~~~~~~~~~~~~~~~~~~~~~~~~~~~~~~~~~~~~~~~~~~~~~~~~~~~~~~~~~
    + CategoryInfo          : NotSpecified: (2:13:18 PM PIT ... not installed.:String) [], RemoteException
    + FullyQualifiedErrorId : NativeCommandError
mvn : 2:13:18 PM PIT >> WARNING : JUnit 5 is on the classpath but the pitest junit 5 plugin is not installed.
Au caractère Ligne:51 : 13
+             mvn test-compile org.pitest:pitest-maven:mutationCoverage ...
+             ~~~~~~~~~~~~~~~~~~~~~~~~~~~~~~~~~~~~~~~~~~~~~~~~~~~~~~~~~
    + CategoryInfo          : NotSpecified: (2:13:18 PM PIT ... not installed.:String) [], RemoteException
    + FullyQualifiedErrorId : NativeCommandError

2:13:18 PM PIT >> INFO : Verbose logging is disabled. If you encounter a problem, please enable it before reporting an 
issue.
2:13:18 PM PIT >> INFO : Verbose logging is disabled. If you encounter a problem, please enable it before reporting an issue.
2:13:19 PM PIT >> INFO : Created 25 mutation test units in pre scan
2:13:19 PM PIT >> INFO : Created 25 mutation test units in pre scan
2:13:20 PM PIT >> INFO : Sending 65 test classes to minion
2:13:20 PM PIT >> INFO : Sending 65 test classes to minion
2:13:20 PM PIT >> INFO : Sent tests to minion
2:13:20 PM PIT >> INFO : Sent tests to minion
2:13:20 PM PIT >> INFO : Calculated coverage in 1 seconds.
2:13:20 PM PIT >> INFO : Calculated coverage in 1 seconds.
2:13:21 PM PIT >> INFO : Created 21 mutation test units
2:13:21 PM PIT >> INFO : Created 21 mutation test units
2:13:28 PM PIT >> INFO : Completed in 9 seconds
2:13:28 PM PIT >> INFO : Completed in 9 seconds

Reports generated in 00:03:34.2907941
**********************
Fin de la transcription Windows PowerShell
Heure de fin : 20260423141348
**********************
